{"C:\\Users\\deepa\\Downloads\\Take-Home-Assignment-The-Untested-API-SOLUTION\\Take-Home-Assignment-The-Untested-API-SOLUTION\\task-api\\src\\app.js": {"path":"C:\\Users\\deepa\\Downloads\\Take-Home-Assignment-The-Untested-API-SOLUTION\\Take-Home-Assignment-The-Untested-API-SOLUTION\\task-api\\src\\app.js","statementMap":{"0":{"start":{"line":1,"column":16},"end":{"line":1,"column":34}},"1":{"start":{"line":2,"column":19},"end":{"line":2,"column":44}},"2":{"start":{"line":4,"column":12},"end":{"line":4,"column":21}},"3":{"start":{"line":6,"column":0},"end":{"line":6,"column":24}},"4":{"start":{"line":7,"column":0},"end":{"line":7,"column":30}},"5":{"start":{"line":9,"column":0},"end":{"line":12,"column":3}},"6":{"start":{"line":10,"column":2},"end":{"line":10,"column":27}},"7":{"start":{"line":11,"column":2},"end":{"line":11,"column":59}},"8":{"start":{"line":14,"column":13},"end":{"line":14,"column":37}},"9":{"start":{"line":16,"column":0},"end":{"line":20,"column":1}},"10":{"start":{"line":17,"column":2},"end":{"line":19,"column":5}},"11":{"start":{"line":18,"column":4},"end":{"line":18,"column":52}},"12":{"start":{"line":22,"column":0},"end":{"line":22,"column":21}}},"fnMap":{"0":{"name":"(anonymous_0)","decl":{"start":{"line":9,"column":8},"end":{"line":9,"column":9}},"loc":{"start":{"line":9,"column":33},"end":{"line":12,"column":1}},"line":9},"1":{"name":"(anonymous_1)","decl":{"start":{"line":17,"column":19},"end":{"line":17,"column":20}},"loc":{"start":{"line":17,"column":25},"end":{"line":19,"column":3}},"line":17}},"branchMap":{"0":{"loc":{"start":{"line":14,"column":13},"end":{"line":14,"column":37}},"type":"binary-expr","locations":[{"start":{"line":14,"column":13},"end":{"line":14,"column":29}},{"start":{"line":14,"column":33},"end":{"line":14,"column":37}}],"line":14},"1":{"loc":{"start":{"line":16,"column":0},"end":{"line":20,"column":1}},"type":"if","locations":[{"start":{"line":16,"column":0},"end":{"line":20,"column":1}},{"start":{},"end":{}}],"line":16}},"s":{"0":1,"1":1,"2":1,"3":1,"4":1,"5":1,"6":0,"7":0,"8":1,"9":1,"10":0,"11":0,"12":1},"f":{"0":0,"1":0},"b":{"0":[1,1],"1":[0,1]},"_coverageSchema":"1a1c01bbd47fc00a2c39e90264f33305004495a9","hash":"727a68892f700a0f3023176e46be698e493ed77e"}
,"C:\\Users\\deepa\\Downloads\\Take-Home-Assignment-The-Untested-API-SOLUTION\\Take-Home-Assignment-The-Untested-API-SOLUTION\\task-api\\src\\routes\\tasks.js": {"path":"C:\\Users\\deepa\\Downloads\\Take-Home-Assignment-The-Untested-API-SOLUTION\\Take-Home-Assignment-The-Untested-API-SOLUTION\\task-api\\src\\routes\\tasks.js","statementMap":{"0":{"start":{"line":1,"column":16},"end":{"line":1,"column":34}},"1":{"start":{"line":2,"column":15},"end":{"line":2,"column":31}},"2":{"start":{"line":3,"column":20},"end":{"line":3,"column":54}},"3":{"start":{"line":4,"column":71},"end":{"line":4,"column":101}},"4":{"start":{"line":6,"column":0},"end":{"line":9,"column":3}},"5":{"start":{"line":7,"column":16},"end":{"line":7,"column":38}},"6":{"start":{"line":8,"column":2},"end":{"line":8,"column":18}},"7":{"start":{"line":11,"column":0},"end":{"line":28,"column":3}},"8":{"start":{"line":12,"column":34},"end":{"line":12,"column":43}},"9":{"start":{"line":14,"column":2},"end":{"line":17,"column":3}},"10":{"start":{"line":15,"column":18},"end":{"line":15,"column":49}},"11":{"start":{"line":16,"column":4},"end":{"line":16,"column":27}},"12":{"start":{"line":19,"column":2},"end":{"line":24,"column":3}},"13":{"start":{"line":20,"column":20},"end":{"line":20,"column":39}},"14":{"start":{"line":21,"column":21},"end":{"line":21,"column":42}},"15":{"start":{"line":22,"column":18},"end":{"line":22,"column":61}},"16":{"start":{"line":23,"column":4},"end":{"line":23,"column":27}},"17":{"start":{"line":26,"column":16},"end":{"line":26,"column":36}},"18":{"start":{"line":27,"column":2},"end":{"line":27,"column":18}},"19":{"start":{"line":30,"column":0},"end":{"line":38,"column":3}},"20":{"start":{"line":31,"column":16},"end":{"line":31,"column":44}},"21":{"start":{"line":32,"column":2},"end":{"line":34,"column":3}},"22":{"start":{"line":33,"column":4},"end":{"line":33,"column":43}},"23":{"start":{"line":36,"column":15},"end":{"line":36,"column":43}},"24":{"start":{"line":37,"column":2},"end":{"line":37,"column":29}},"25":{"start":{"line":40,"column":0},"end":{"line":52,"column":3}},"26":{"start":{"line":41,"column":16},"end":{"line":41,"column":44}},"27":{"start":{"line":42,"column":2},"end":{"line":44,"column":3}},"28":{"start":{"line":43,"column":4},"end":{"line":43,"column":43}},"29":{"start":{"line":46,"column":15},"end":{"line":46,"column":58}},"30":{"start":{"line":47,"column":2},"end":{"line":49,"column":3}},"31":{"start":{"line":48,"column":4},"end":{"line":48,"column":61}},"32":{"start":{"line":51,"column":2},"end":{"line":51,"column":17}},"33":{"start":{"line":54,"column":0},"end":{"line":61,"column":3}},"34":{"start":{"line":55,"column":18},"end":{"line":55,"column":51}},"35":{"start":{"line":56,"column":2},"end":{"line":58,"column":3}},"36":{"start":{"line":57,"column":4},"end":{"line":57,"column":61}},"37":{"start":{"line":60,"column":2},"end":{"line":60,"column":25}},"38":{"start":{"line":63,"column":0},"end":{"line":80,"column":3}},"39":{"start":{"line":64,"column":16},"end":{"line":64,"column":44}},"40":{"start":{"line":65,"column":2},"end":{"line":67,"column":3}},"41":{"start":{"line":66,"column":4},"end":{"line":66,"column":43}},"42":{"start":{"line":69,"column":19},"end":{"line":69,"column":54}},"43":{"start":{"line":70,"column":2},"end":{"line":72,"column":3}},"44":{"start":{"line":71,"column":4},"end":{"line":71,"column":61}},"45":{"start":{"line":74,"column":2},"end":{"line":76,"column":3}},"46":{"start":{"line":75,"column":4},"end":{"line":75,"column":71}},"47":{"start":{"line":78,"column":15},"end":{"line":78,"column":78}},"48":{"start":{"line":79,"column":2},"end":{"line":79,"column":17}},"49":{"start":{"line":82,"column":0},"end":{"line":89,"column":3}},"50":{"start":{"line":83,"column":15},"end":{"line":83,"column":54}},"51":{"start":{"line":84,"column":2},"end":{"line":86,"column":3}},"52":{"start":{"line":85,"column":4},"end":{"line":85,"column":61}},"53":{"start":{"line":88,"column":2},"end":{"line":88,"column":17}},"54":{"start":{"line":91,"column":0},"end":{"line":91,"column":24}}},"fnMap":{"0":{"name":"(anonymous_0)","decl":{"start":{"line":6,"column":21},"end":{"line":6,"column":22}},"loc":{"start":{"line":6,"column":35},"end":{"line":9,"column":1}},"line":6},"1":{"name":"(anonymous_1)","decl":{"start":{"line":11,"column":16},"end":{"line":11,"column":17}},"loc":{"start":{"line":11,"column":30},"end":{"line":28,"column":1}},"line":11},"2":{"name":"(anonymous_2)","decl":{"start":{"line":30,"column":17},"end":{"line":30,"column":18}},"loc":{"start":{"line":30,"column":31},"end":{"line":38,"column":1}},"line":30},"3":{"name":"(anonymous_3)","decl":{"start":{"line":40,"column":19},"end":{"line":40,"column":20}},"loc":{"start":{"line":40,"column":33},"end":{"line":52,"column":1}},"line":40},"4":{"name":"(anonymous_4)","decl":{"start":{"line":54,"column":22},"end":{"line":54,"column":23}},"loc":{"start":{"line":54,"column":36},"end":{"line":61,"column":1}},"line":54},"5":{"name":"(anonymous_5)","decl":{"start":{"line":63,"column":28},"end":{"line":63,"column":29}},"loc":{"start":{"line":63,"column":42},"end":{"line":80,"column":1}},"line":63},"6":{"name":"(anonymous_6)","decl":{"start":{"line":82,"column":30},"end":{"line":82,"column":31}},"loc":{"start":{"line":82,"column":44},"end":{"line":89,"column":1}},"line":82}},"branchMap":{"0":{"loc":{"start":{"line":14,"column":2},"end":{"line":17,"column":3}},"type":"if","locations":[{"start":{"line":14,"column":2},"end":{"line":17,"column":3}},{"start":{},"end":{}}],"line":14},"1":{"loc":{"start":{"line":19,"column":2},"end":{"line":24,"column":3}},"type":"if","locations":[{"start":{"line":19,"column":2},"end":{"line":24,"column":3}},{"start":{},"end":{}}],"line":19},"2":{"loc":{"start":{"line":19,"column":6},"end":{"line":19,"column":47}},"type":"binary-expr","locations":[{"start":{"line":19,"column":6},"end":{"line":19,"column":24}},{"start":{"line":19,"column":28},"end":{"line":19,"column":47}}],"line":19},"3":{"loc":{"start":{"line":20,"column":20},"end":{"line":20,"column":39}},"type":"binary-expr","locations":[{"start":{"line":20,"column":20},"end":{"line":20,"column":34}},{"start":{"line":20,"column":38},"end":{"line":20,"column":39}}],"line":20},"4":{"loc":{"start":{"line":21,"column":21},"end":{"line":21,"column":42}},"type":"binary-expr","locations":[{"start":{"line":21,"column":21},"end":{"line":21,"column":36}},{"start":{"line":21,"column":40},"end":{"line":21,"column":42}}],"line":21},"5":{"loc":{"start":{"line":32,"column":2},"end":{"line":34,"column":3}},"type":"if","locations":[{"start":{"line":32,"column":2},"end":{"line":34,"column":3}},{"start":{},"end":{}}],"line":32},"6":{"loc":{"start":{"line":42,"column":2},"end":{"line":44,"column":3}},"type":"if","locations":[{"start":{"line":42,"column":2},"end":{"line":44,"column":3}},{"start":{},"end":{}}],"line":42},"7":{"loc":{"start":{"line":47,"column":2},"end":{"line":49,"column":3}},"type":"if","locations":[{"start":{"line":47,"column":2},"end":{"line":49,"column":3}},{"start":{},"end":{}}],"line":47},"8":{"loc":{"start":{"line":56,"column":2},"end":{"line":58,"column":3}},"type":"if","locations":[{"start":{"line":56,"column":2},"end":{"line":58,"column":3}},{"start":{},"end":{}}],"line":56},"9":{"loc":{"start":{"line":65,"column":2},"end":{"line":67,"column":3}},"type":"if","locations":[{"start":{"line":65,"column":2},"end":{"line":67,"column":3}},{"start":{},"end":{}}],"line":65},"10":{"loc":{"start":{"line":70,"column":2},"end":{"line":72,"column":3}},"type":"if","locations":[{"start":{"line":70,"column":2},"end":{"line":72,"column":3}},{"start":{},"end":{}}],"line":70},"11":{"loc":{"start":{"line":74,"column":2},"end":{"line":76,"column":3}},"type":"if","locations":[{"start":{"line":74,"column":2},"end":{"line":76,"column":3}},{"start":{},"end":{}}],"line":74},"12":{"loc":{"start":{"line":84,"column":2},"end":{"line":86,"column":3}},"type":"if","locations":[{"start":{"line":84,"column":2},"end":{"line":86,"column":3}},{"start":{},"end":{}}],"line":84}},"s":{"0":1,"1":1,"2":1,"3":1,"4":1,"5":1,"6":1,"7":1,"8":5,"9":5,"10":2,"11":2,"12":3,"13":2,"14":2,"15":2,"16":2,"17":1,"18":1,"19":1,"20":24,"21":24,"22":2,"23":22,"24":22,"25":1,"26":3,"27":3,"28":1,"29":2,"30":2,"31":1,"32":1,"33":1,"34":2,"35":2,"36":1,"37":1,"38":1,"39":6,"40":6,"41":2,"42":4,"43":4,"44":1,"45":3,"46":1,"47":2,"48":2,"49":1,"50":2,"51":2,"52":1,"53":1,"54":1},"f":{"0":1,"1":5,"2":24,"3":3,"4":2,"5":6,"6":2},"b":{"0":[2,3],"1":[2,1],"2":[3,1],"3":[2,0],"4":[2,0],"5":[2,22],"6":[1,2],"7":[1,1],"8":[1,1],"9":[2,4],"10":[1,3],"11":[1,2],"12":[1,1]},"_coverageSchema":"1a1c01bbd47fc00a2c39e90264f33305004495a9","hash":"525dc4f55f82787d69b79f8956a73afab7d40784"}
,"C:\\Users\\deepa\\Downloads\\Take-Home-Assignment-The-Untested-API-SOLUTION\\Take-Home-Assignment-The-Untested-API-SOLUTION\\task-api\\src\\services\\taskService.js": {"path":"C:\\Users\\deepa\\Downloads\\Take-Home-Assignment-The-Untested-API-SOLUTION\\Take-Home-Assignment-The-Untested-API-SOLUTION\\task-api\\src\\services\\taskService.js","statementMap":{"0":{"start":{"line":1,"column":23},"end":{"line":1,"column":38}},"1":{"start":{"line":3,"column":12},"end":{"line":3,"column":14}},"2":{"start":{"line":5,"column":15},"end":{"line":5,"column":31}},"3":{"start":{"line":5,"column":21},"end":{"line":5,"column":31}},"4":{"start":{"line":7,"column":17},"end":{"line":7,"column":55}},"5":{"start":{"line":7,"column":25},"end":{"line":7,"column":55}},"6":{"start":{"line":7,"column":43},"end":{"line":7,"column":54}},"7":{"start":{"line":9,"column":20},"end":{"line":9,"column":78}},"8":{"start":{"line":9,"column":32},"end":{"line":9,"column":78}},"9":{"start":{"line":9,"column":52},"end":{"line":9,"column":77}},"10":{"start":{"line":11,"column":21},"end":{"line":14,"column":1}},"11":{"start":{"line":12,"column":17},"end":{"line":12,"column":35}},"12":{"start":{"line":13,"column":2},"end":{"line":13,"column":45}},"13":{"start":{"line":16,"column":17},"end":{"line":29,"column":1}},"14":{"start":{"line":17,"column":14},"end":{"line":17,"column":24}},"15":{"start":{"line":18,"column":17},"end":{"line":18,"column":53}},"16":{"start":{"line":19,"column":16},"end":{"line":19,"column":17}},"17":{"start":{"line":21,"column":2},"end":{"line":26,"column":5}},"18":{"start":{"line":22,"column":4},"end":{"line":22,"column":59}},"19":{"start":{"line":22,"column":40},"end":{"line":22,"column":59}},"20":{"start":{"line":23,"column":4},"end":{"line":25,"column":5}},"21":{"start":{"line":24,"column":6},"end":{"line":24,"column":16}},"22":{"start":{"line":28,"column":2},"end":{"line":28,"column":32}},"23":{"start":{"line":31,"column":15},"end":{"line":44,"column":1}},"24":{"start":{"line":32,"column":15},"end":{"line":41,"column":3}},"25":{"start":{"line":42,"column":2},"end":{"line":42,"column":19}},"26":{"start":{"line":43,"column":2},"end":{"line":43,"column":14}},"27":{"start":{"line":46,"column":15},"end":{"line":53,"column":1}},"28":{"start":{"line":47,"column":16},"end":{"line":47,"column":51}},"29":{"start":{"line":47,"column":39},"end":{"line":47,"column":50}},"30":{"start":{"line":48,"column":2},"end":{"line":48,"column":32}},"31":{"start":{"line":48,"column":20},"end":{"line":48,"column":32}},"32":{"start":{"line":50,"column":18},"end":{"line":50,"column":48}},"33":{"start":{"line":51,"column":2},"end":{"line":51,"column":25}},"34":{"start":{"line":52,"column":2},"end":{"line":52,"column":17}},"35":{"start":{"line":55,"column":15},"end":{"line":61,"column":1}},"36":{"start":{"line":56,"column":16},"end":{"line":56,"column":51}},"37":{"start":{"line":56,"column":39},"end":{"line":56,"column":50}},"38":{"start":{"line":57,"column":2},"end":{"line":57,"column":33}},"39":{"start":{"line":57,"column":20},"end":{"line":57,"column":33}},"40":{"start":{"line":59,"column":2},"end":{"line":59,"column":25}},"41":{"start":{"line":60,"column":2},"end":{"line":60,"column":14}},"42":{"start":{"line":63,"column":21},"end":{"line":77,"column":1}},"43":{"start":{"line":64,"column":15},"end":{"line":64,"column":27}},"44":{"start":{"line":65,"column":2},"end":{"line":65,"column":25}},"45":{"start":{"line":65,"column":13},"end":{"line":65,"column":25}},"46":{"start":{"line":67,"column":18},"end":{"line":72,"column":3}},"47":{"start":{"line":74,"column":16},"end":{"line":74,"column":51}},"48":{"start":{"line":74,"column":39},"end":{"line":74,"column":50}},"49":{"start":{"line":75,"column":2},"end":{"line":75,"column":25}},"50":{"start":{"line":76,"column":2},"end":{"line":76,"column":17}},"51":{"start":{"line":79,"column":19},"end":{"line":91,"column":1}},"52":{"start":{"line":80,"column":15},"end":{"line":80,"column":27}},"53":{"start":{"line":81,"column":2},"end":{"line":81,"column":25}},"54":{"start":{"line":81,"column":13},"end":{"line":81,"column":25}},"55":{"start":{"line":83,"column":18},"end":{"line":86,"column":3}},"56":{"start":{"line":88,"column":16},"end":{"line":88,"column":51}},"57":{"start":{"line":88,"column":39},"end":{"line":88,"column":50}},"58":{"start":{"line":89,"column":2},"end":{"line":89,"column":25}},"59":{"start":{"line":90,"column":2},"end":{"line":90,"column":17}},"60":{"start":{"line":93,"column":15},"end":{"line":95,"column":1}},"61":{"start":{"line":94,"column":2},"end":{"line":94,"column":13}},"62":{"start":{"line":97,"column":0},"end":{"line":109,"column":2}}},"fnMap":{"0":{"name":"(anonymous_0)","decl":{"start":{"line":5,"column":15},"end":{"line":5,"column":16}},"loc":{"start":{"line":5,"column":21},"end":{"line":5,"column":31}},"line":5},"1":{"name":"(anonymous_1)","decl":{"start":{"line":7,"column":17},"end":{"line":7,"column":18}},"loc":{"start":{"line":7,"column":25},"end":{"line":7,"column":55}},"line":7},"2":{"name":"(anonymous_2)","decl":{"start":{"line":7,"column":36},"end":{"line":7,"column":37}},"loc":{"start":{"line":7,"column":43},"end":{"line":7,"column":54}},"line":7},"3":{"name":"(anonymous_3)","decl":{"start":{"line":9,"column":20},"end":{"line":9,"column":21}},"loc":{"start":{"line":9,"column":32},"end":{"line":9,"column":78}},"line":9},"4":{"name":"(anonymous_4)","decl":{"start":{"line":9,"column":45},"end":{"line":9,"column":46}},"loc":{"start":{"line":9,"column":52},"end":{"line":9,"column":77}},"line":9},"5":{"name":"(anonymous_5)","decl":{"start":{"line":11,"column":21},"end":{"line":11,"column":22}},"loc":{"start":{"line":11,"column":38},"end":{"line":14,"column":1}},"line":11},"6":{"name":"(anonymous_6)","decl":{"start":{"line":16,"column":17},"end":{"line":16,"column":18}},"loc":{"start":{"line":16,"column":23},"end":{"line":29,"column":1}},"line":16},"7":{"name":"(anonymous_7)","decl":{"start":{"line":21,"column":16},"end":{"line":21,"column":17}},"loc":{"start":{"line":21,"column":23},"end":{"line":26,"column":3}},"line":21},"8":{"name":"(anonymous_8)","decl":{"start":{"line":31,"column":15},"end":{"line":31,"column":16}},"loc":{"start":{"line":31,"column":102},"end":{"line":44,"column":1}},"line":31},"9":{"name":"(anonymous_9)","decl":{"start":{"line":46,"column":15},"end":{"line":46,"column":16}},"loc":{"start":{"line":46,"column":31},"end":{"line":53,"column":1}},"line":46},"10":{"name":"(anonymous_10)","decl":{"start":{"line":47,"column":32},"end":{"line":47,"column":33}},"loc":{"start":{"line":47,"column":39},"end":{"line":47,"column":50}},"line":47},"11":{"name":"(anonymous_11)","decl":{"start":{"line":55,"column":15},"end":{"line":55,"column":16}},"loc":{"start":{"line":55,"column":23},"end":{"line":61,"column":1}},"line":55},"12":{"name":"(anonymous_12)","decl":{"start":{"line":56,"column":32},"end":{"line":56,"column":33}},"loc":{"start":{"line":56,"column":39},"end":{"line":56,"column":50}},"line":56},"13":{"name":"(anonymous_13)","decl":{"start":{"line":63,"column":21},"end":{"line":63,"column":22}},"loc":{"start":{"line":63,"column":29},"end":{"line":77,"column":1}},"line":63},"14":{"name":"(anonymous_14)","decl":{"start":{"line":74,"column":32},"end":{"line":74,"column":33}},"loc":{"start":{"line":74,"column":39},"end":{"line":74,"column":50}},"line":74},"15":{"name":"(anonymous_15)","decl":{"start":{"line":79,"column":19},"end":{"line":79,"column":20}},"loc":{"start":{"line":79,"column":37},"end":{"line":91,"column":1}},"line":79},"16":{"name":"(anonymous_16)","decl":{"start":{"line":88,"column":32},"end":{"line":88,"column":33}},"loc":{"start":{"line":88,"column":39},"end":{"line":88,"column":50}},"line":88},"17":{"name":"(anonymous_17)","decl":{"start":{"line":93,"column":15},"end":{"line":93,"column":16}},"loc":{"start":{"line":93,"column":21},"end":{"line":95,"column":1}},"line":93}},"branchMap":{"0":{"loc":{"start":{"line":22,"column":4},"end":{"line":22,"column":59}},"type":"if","locations":[{"start":{"line":22,"column":4},"end":{"line":22,"column":59}},{"start":{},"end":{}}],"line":22},"1":{"loc":{"start":{"line":23,"column":4},"end":{"line":25,"column":5}},"type":"if","locations":[{"start":{"line":23,"column":4},"end":{"line":25,"column":5}},{"start":{},"end":{}}],"line":23},"2":{"loc":{"start":{"line":23,"column":8},"end":{"line":23,"column":69}},"type":"binary-expr","locations":[{"start":{"line":23,"column":8},"end":{"line":23,"column":17}},{"start":{"line":23,"column":21},"end":{"line":23,"column":40}},{"start":{"line":23,"column":44},"end":{"line":23,"column":69}}],"line":23},"3":{"loc":{"start":{"line":31,"column":25},"end":{"line":31,"column":41}},"type":"default-arg","locations":[{"start":{"line":31,"column":39},"end":{"line":31,"column":41}}],"line":31},"4":{"loc":{"start":{"line":31,"column":43},"end":{"line":31,"column":58}},"type":"default-arg","locations":[{"start":{"line":31,"column":52},"end":{"line":31,"column":58}}],"line":31},"5":{"loc":{"start":{"line":31,"column":60},"end":{"line":31,"column":79}},"type":"default-arg","locations":[{"start":{"line":31,"column":71},"end":{"line":31,"column":79}}],"line":31},"6":{"loc":{"start":{"line":31,"column":81},"end":{"line":31,"column":95}},"type":"default-arg","locations":[{"start":{"line":31,"column":91},"end":{"line":31,"column":95}}],"line":31},"7":{"loc":{"start":{"line":48,"column":2},"end":{"line":48,"column":32}},"type":"if","locations":[{"start":{"line":48,"column":2},"end":{"line":48,"column":32}},{"start":{},"end":{}}],"line":48},"8":{"loc":{"start":{"line":57,"column":2},"end":{"line":57,"column":33}},"type":"if","locations":[{"start":{"line":57,"column":2},"end":{"line":57,"column":33}},{"start":{},"end":{}}],"line":57},"9":{"loc":{"start":{"line":65,"column":2},"end":{"line":65,"column":25}},"type":"if","locations":[{"start":{"line":65,"column":2},"end":{"line":65,"column":25}},{"start":{},"end":{}}],"line":65},"10":{"loc":{"start":{"line":81,"column":2},"end":{"line":81,"column":25}},"type":"if","locations":[{"start":{"line":81,"column":2},"end":{"line":81,"column":25}},{"start":{},"end":{}}],"line":81}},"s":{"0":2,"1":2,"2":2,"3":3,"4":2,"5":14,"6":9,"7":2,"8":5,"9":8,"10":2,"11":5,"12":5,"13":2,"14":2,"15":2,"16":2,"17":2,"18":5,"19":5,"20":5,"21":1,"22":2,"23":2,"24":49,"25":49,"26":49,"27":2,"28":4,"29":2,"30":4,"31":2,"32":2,"33":2,"34":2,"35":2,"36":4,"37":2,"38":4,"39":2,"40":2,"41":2,"42":2,"43":4,"44":4,"45":2,"46":2,"47":2,"48":2,"49":2,"50":2,"51":2,"52":4,"53":4,"54":1,"55":3,"56":3,"57":3,"58":3,"59":3,"60":2,"61":36,"62":2},"f":{"0":3,"1":14,"2":9,"3":5,"4":8,"5":5,"6":2,"7":5,"8":49,"9":4,"10":2,"11":4,"12":2,"13":4,"14":2,"15":4,"16":3,"17":36},"b":{"0":[5,0],"1":[1,4],"2":[5,2,1],"3":[49],"4":[39],"5":[46],"6":[47],"7":[2,2],"8":[2,2],"9":[2,2],"10":[1,3]},"_coverageSchema":"1a1c01bbd47fc00a2c39e90264f33305004495a9","hash":"16ca54d3aa316de85659a2005b65e00bd605b41a"}
,"C:\\Users\\deepa\\Downloads\\Take-Home-Assignment-The-Untested-API-SOLUTION\\Take-Home-Assignment-The-Untested-API-SOLUTION\\task-api\\src\\utils\\validators.js": {"path":"C:\\Users\\deepa\\Downloads\\Take-Home-Assignment-The-Untested-API-SOLUTION\\Take-Home-Assignment-The-Untested-API-SOLUTION\\task-api\\src\\utils\\validators.js","statementMap":{"0":{"start":{"line":1,"column":23},"end":{"line":1,"column":54}},"1":{"start":{"line":2,"column":25},"end":{"line":2,"column":50}},"2":{"start":{"line":4,"column":27},"end":{"line":18,"column":1}},"3":{"start":{"line":5,"column":2},"end":{"line":7,"column":3}},"4":{"start":{"line":6,"column":4},"end":{"line":6,"column":62}},"5":{"start":{"line":8,"column":2},"end":{"line":10,"column":3}},"6":{"start":{"line":9,"column":4},"end":{"line":9,"column":65}},"7":{"start":{"line":11,"column":2},"end":{"line":13,"column":3}},"8":{"start":{"line":12,"column":4},"end":{"line":12,"column":69}},"9":{"start":{"line":14,"column":2},"end":{"line":16,"column":3}},"10":{"start":{"line":15,"column":4},"end":{"line":15,"column":53}},"11":{"start":{"line":17,"column":2},"end":{"line":17,"column":14}},"12":{"start":{"line":20,"column":27},"end":{"line":34,"column":1}},"13":{"start":{"line":21,"column":2},"end":{"line":23,"column":3}},"14":{"start":{"line":22,"column":4},"end":{"line":22,"column":46}},"15":{"start":{"line":24,"column":2},"end":{"line":26,"column":3}},"16":{"start":{"line":25,"column":4},"end":{"line":25,"column":65}},"17":{"start":{"line":27,"column":2},"end":{"line":29,"column":3}},"18":{"start":{"line":28,"column":4},"end":{"line":28,"column":69}},"19":{"start":{"line":30,"column":2},"end":{"line":32,"column":3}},"20":{"start":{"line":31,"column":4},"end":{"line":31,"column":53}},"21":{"start":{"line":33,"column":2},"end":{"line":33,"column":14}},"22":{"start":{"line":36,"column":27},"end":{"line":41,"column":1}},"23":{"start":{"line":37,"column":2},"end":{"line":39,"column":3}},"24":{"start":{"line":38,"column":4},"end":{"line":38,"column":65}},"25":{"start":{"line":40,"column":2},"end":{"line":40,"column":14}},"26":{"start":{"line":43,"column":0},"end":{"line":47,"column":2}}},"fnMap":{"0":{"name":"(anonymous_0)","decl":{"start":{"line":4,"column":27},"end":{"line":4,"column":28}},"loc":{"start":{"line":4,"column":37},"end":{"line":18,"column":1}},"line":4},"1":{"name":"(anonymous_1)","decl":{"start":{"line":20,"column":27},"end":{"line":20,"column":28}},"loc":{"start":{"line":20,"column":37},"end":{"line":34,"column":1}},"line":20},"2":{"name":"(anonymous_2)","decl":{"start":{"line":36,"column":27},"end":{"line":36,"column":28}},"loc":{"start":{"line":36,"column":37},"end":{"line":41,"column":1}},"line":36}},"branchMap":{"0":{"loc":{"start":{"line":5,"column":2},"end":{"line":7,"column":3}},"type":"if","locations":[{"start":{"line":5,"column":2},"end":{"line":7,"column":3}},{"start":{},"end":{}}],"line":5},"1":{"loc":{"start":{"line":5,"column":6},"end":{"line":5,"column":79}},"type":"binary-expr","locations":[{"start":{"line":5,"column":6},"end":{"line":5,"column":17}},{"start":{"line":5,"column":21},"end":{"line":5,"column":51}},{"start":{"line":5,"column":55},"end":{"line":5,"column":79}}],"line":5},"2":{"loc":{"start":{"line":8,"column":2},"end":{"line":10,"column":3}},"type":"if","locations":[{"start":{"line":8,"column":2},"end":{"line":10,"column":3}},{"start":{},"end":{}}],"line":8},"3":{"loc":{"start":{"line":8,"column":6},"end":{"line":8,"column":58}},"type":"binary-expr","locations":[{"start":{"line":8,"column":6},"end":{"line":8,"column":17}},{"start":{"line":8,"column":21},"end":{"line":8,"column":58}}],"line":8},"4":{"loc":{"start":{"line":11,"column":2},"end":{"line":13,"column":3}},"type":"if","locations":[{"start":{"line":11,"column":2},"end":{"line":13,"column":3}},{"start":{},"end":{}}],"line":11},"5":{"loc":{"start":{"line":11,"column":6},"end":{"line":11,"column":64}},"type":"binary-expr","locations":[{"start":{"line":11,"column":6},"end":{"line":11,"column":19}},{"start":{"line":11,"column":23},"end":{"line":11,"column":64}}],"line":11},"6":{"loc":{"start":{"line":14,"column":2},"end":{"line":16,"column":3}},"type":"if","locations":[{"start":{"line":14,"column":2},"end":{"line":16,"column":3}},{"start":{},"end":{}}],"line":14},"7":{"loc":{"start":{"line":14,"column":6},"end":{"line":14,"column":53}},"type":"binary-expr","locations":[{"start":{"line":14,"column":6},"end":{"line":14,"column":18}},{"start":{"line":14,"column":22},"end":{"line":14,"column":53}}],"line":14},"8":{"loc":{"start":{"line":21,"column":2},"end":{"line":23,"column":3}},"type":"if","locations":[{"start":{"line":21,"column":2},"end":{"line":23,"column":3}},{"start":{},"end":{}}],"line":21},"9":{"loc":{"start":{"line":21,"column":6},"end":{"line":21,"column":94}},"type":"binary-expr","locations":[{"start":{"line":21,"column":6},"end":{"line":21,"column":30}},{"start":{"line":21,"column":35},"end":{"line":21,"column":65}},{"start":{"line":21,"column":69},"end":{"line":21,"column":93}}],"line":21},"10":{"loc":{"start":{"line":24,"column":2},"end":{"line":26,"column":3}},"type":"if","locations":[{"start":{"line":24,"column":2},"end":{"line":26,"column":3}},{"start":{},"end":{}}],"line":24},"11":{"loc":{"start":{"line":24,"column":6},"end":{"line":24,"column":58}},"type":"binary-expr","locations":[{"start":{"line":24,"column":6},"end":{"line":24,"column":17}},{"start":{"line":24,"column":21},"end":{"line":24,"column":58}}],"line":24},"12":{"loc":{"start":{"line":27,"column":2},"end":{"line":29,"column":3}},"type":"if","locations":[{"start":{"line":27,"column":2},"end":{"line":29,"column":3}},{"start":{},"end":{}}],"line":27},"13":{"loc":{"start":{"line":27,"column":6},"end":{"line":27,"column":64}},"type":"binary-expr","locations":[{"start":{"line":27,"column":6},"end":{"line":27,"column":19}},{"start":{"line":27,"column":23},"end":{"line":27,"column":64}}],"line":27},"14":{"loc":{"start":{"line":30,"column":2},"end":{"line":32,"column":3}},"type":"if","locations":[{"start":{"line":30,"column":2},"end":{"line":32,"column":3}},{"start":{},"end":{}}],"line":30},"15":{"loc":{"start":{"line":30,"column":6},"end":{"line":30,"column":53}},"type":"binary-expr","locations":[{"start":{"line":30,"column":6},"end":{"line":30,"column":18}},{"start":{"line":30,"column":22},"end":{"line":30,"column":53}}],"line":30},"16":{"loc":{"start":{"line":37,"column":2},"end":{"line":39,"column":3}},"type":"if","locations":[{"start":{"line":37,"column":2},"end":{"line":39,"column":3}},{"start":{},"end":{}}],"line":37},"17":{"loc":{"start":{"line":37,"column":6},"end":{"line":37,"column":79}},"type":"binary-expr","locations":[{"start":{"line":37,"column":6},"end":{"line":37,"column":11}},{"start":{"line":37,"column":15},"end":{"line":37,"column":48}},{"start":{"line":37,"column":52},"end":{"line":37,"column":79}}],"line":37}},"s":{"0":2,"1":2,"2":2,"3":30,"4":3,"5":27,"6":2,"7":25,"8":1,"9":24,"10":1,"11":23,"12":2,"13":7,"14":1,"15":6,"16":0,"17":6,"18":2,"19":4,"20":1,"21":3,"22":2,"23":10,"24":5,"25":5,"26":2},"f":{"0":30,"1":7,"2":10},"b":{"0":[3,27],"1":[30,28,27],"2":[2,25],"3":[27,7],"4":[1,24],"5":[25,3],"6":[1,23],"7":[24,2],"8":[1,6],"9":[7,3,3],"10":[0,6],"11":[6,0],"12":[2,4],"13":[6,3],"14":[1,3],"15":[4,1],"16":[5,5],"17":[10,10,7]},"_coverageSchema":"1a1c01bbd47fc00a2c39e90264f33305004495a9","hash":"19dfe99624f80bad8d1d30cca80840fa7be3dd1a"}
}
