TN:
SF:src\app.js
FN:9,(anonymous_0)
FN:17,(anonymous_1)
FNF:2
FNH:0
FNDA:0,(anonymous_0)
FNDA:0,(anonymous_1)
DA:1,1
DA:2,1
DA:4,1
DA:6,1
DA:7,1
DA:9,1
DA:10,0
DA:11,0
DA:14,1
DA:16,1
DA:17,0
DA:18,0
DA:22,1
LF:13
LH:9
BRDA:14,0,0,1
BRDA:14,0,1,1
BRDA:16,1,0,0
BRDA:16,1,1,1
BRF:4
BRH:3
end_of_record
TN:
SF:src\routes\tasks.js
FN:6,(anonymous_0)
FN:11,(anonymous_1)
FN:30,(anonymous_2)
FN:40,(anonymous_3)
FN:54,(anonymous_4)
FN:63,(anonymous_5)
FN:82,(anonymous_6)
FNF:7
FNH:7
FNDA:1,(anonymous_0)
FNDA:5,(anonymous_1)
FNDA:24,(anonymous_2)
FNDA:3,(anonymous_3)
FNDA:2,(anonymous_4)
FNDA:6,(anonymous_5)
FNDA:2,(anonymous_6)
DA:1,1
DA:2,1
DA:3,1
DA:4,1
DA:6,1
DA:7,1
DA:8,1
DA:11,1
DA:12,5
DA:14,5
DA:15,2
DA:16,2
DA:19,3
DA:20,2
DA:21,2
DA:22,2
DA:23,2
DA:26,1
DA:27,1
DA:30,1
DA:31,24
DA:32,24
DA:33,2
DA:36,22
DA:37,22
DA:40,1
DA:41,3
DA:42,3
DA:43,1
DA:46,2
DA:47,2
DA:48,1
DA:51,1
DA:54,1
DA:55,2
DA:56,2
DA:57,1
DA:60,1
DA:63,1
DA:64,6
DA:65,6
DA:66,2
DA:69,4
DA:70,4
DA:71,1
DA:74,3
DA:75,1
DA:78,2
DA:79,2
DA:82,1
DA:83,2
DA:84,2
DA:85,1
DA:88,1
DA:91,1
LF:55
LH:55
BRDA:14,0,0,2
BRDA:14,0,1,3
BRDA:19,1,0,2
BRDA:19,1,1,1
BRDA:19,2,0,3
BRDA:19,2,1,1
BRDA:20,3,0,2
BRDA:20,3,1,0
BRDA:21,4,0,2
BRDA:21,4,1,0
BRDA:32,5,0,2
BRDA:32,5,1,22
BRDA:42,6,0,1
BRDA:42,6,1,2
BRDA:47,7,0,1
BRDA:47,7,1,1
BRDA:56,8,0,1
BRDA:56,8,1,1
BRDA:65,9,0,2
BRDA:65,9,1,4
BRDA:70,10,0,1
BRDA:70,10,1,3
BRDA:74,11,0,1
BRDA:74,11,1,2
BRDA:84,12,0,1
BRDA:84,12,1,1
BRF:26
BRH:24
end_of_record
TN:
SF:src\services\taskService.js
FN:5,(anonymous_0)
FN:7,(anonymous_1)
FN:7,(anonymous_2)
FN:9,(anonymous_3)
FN:9,(anonymous_4)
FN:11,(anonymous_5)
FN:16,(anonymous_6)
FN:21,(anonymous_7)
FN:31,(anonymous_8)
FN:46,(anonymous_9)
FN:47,(anonymous_10)
FN:55,(anonymous_11)
FN:56,(anonymous_12)
FN:63,(anonymous_13)
FN:74,(anonymous_14)
FN:79,(anonymous_15)
FN:88,(anonymous_16)
FN:93,(anonymous_17)
FNF:18
FNH:18
FNDA:3,(anonymous_0)
FNDA:14,(anonymous_1)
FNDA:9,(anonymous_2)
FNDA:5,(anonymous_3)
FNDA:8,(anonymous_4)
FNDA:5,(anonymous_5)
FNDA:2,(anonymous_6)
FNDA:5,(anonymous_7)
FNDA:49,(anonymous_8)
FNDA:4,(anonymous_9)
FNDA:2,(anonymous_10)
FNDA:4,(anonymous_11)
FNDA:2,(anonymous_12)
FNDA:4,(anonymous_13)
FNDA:2,(anonymous_14)
FNDA:4,(anonymous_15)
FNDA:3,(anonymous_16)
FNDA:36,(anonymous_17)
DA:1,2
DA:3,2
DA:5,3
DA:7,14
DA:9,8
DA:11,2
DA:12,5
DA:13,5
DA:16,2
DA:17,2
DA:18,2
DA:19,2
DA:21,2
DA:22,5
DA:23,5
DA:24,1
DA:28,2
DA:31,2
DA:32,49
DA:42,49
DA:43,49
DA:46,2
DA:47,4
DA:48,4
DA:50,2
DA:51,2
DA:52,2
DA:55,2
DA:56,4
DA:57,4
DA:59,2
DA:60,2
DA:63,2
DA:64,4
DA:65,4
DA:67,2
DA:74,2
DA:75,2
DA:76,2
DA:79,2
DA:80,4
DA:81,4
DA:83,3
DA:88,3
DA:89,3
DA:90,3
DA:93,2
DA:94,36
DA:97,2
LF:49
LH:49
BRDA:22,0,0,5
BRDA:22,0,1,0
BRDA:23,1,0,1
BRDA:23,1,1,4
BRDA:23,2,0,5
BRDA:23,2,1,2
BRDA:23,2,2,1
BRDA:31,3,0,49
BRDA:31,4,0,39
BRDA:31,5,0,46
BRDA:31,6,0,47
BRDA:48,7,0,2
BRDA:48,7,1,2
BRDA:57,8,0,2
BRDA:57,8,1,2
BRDA:65,9,0,2
BRDA:65,9,1,2
BRDA:81,10,0,1
BRDA:81,10,1,3
BRF:19
BRH:18
end_of_record
TN:
SF:src\utils\validators.js
FN:4,(anonymous_0)
FN:20,(anonymous_1)
FN:36,(anonymous_2)
FNF:3
FNH:3
FNDA:30,(anonymous_0)
FNDA:7,(anonymous_1)
FNDA:10,(anonymous_2)
DA:1,2
DA:2,2
DA:4,2
DA:5,30
DA:6,3
DA:8,27
DA:9,2
DA:11,25
DA:12,1
DA:14,24
DA:15,1
DA:17,23
DA:20,2
DA:21,7
DA:22,1
DA:24,6
DA:25,0
DA:27,6
DA:28,2
DA:30,4
DA:31,1
DA:33,3
DA:36,2
DA:37,10
DA:38,5
DA:40,5
DA:43,2
LF:27
LH:26
BRDA:5,0,0,3
BRDA:5,0,1,27
BRDA:5,1,0,30
BRDA:5,1,1,28
BRDA:5,1,2,27
BRDA:8,2,0,2
BRDA:8,2,1,25
BRDA:8,3,0,27
BRDA:8,3,1,7
BRDA:11,4,0,1
BRDA:11,4,1,24
BRDA:11,5,0,25
BRDA:11,5,1,3
BRDA:14,6,0,1
BRDA:14,6,1,23
BRDA:14,7,0,24
BRDA:14,7,1,2
BRDA:21,8,0,1
BRDA:21,8,1,6
BRDA:21,9,0,7
BRDA:21,9,1,3
BRDA:21,9,2,3
BRDA:24,10,0,0
BRDA:24,10,1,6
BRDA:24,11,0,6
BRDA:24,11,1,0
BRDA:27,12,0,2
BRDA:27,12,1,4
BRDA:27,13,0,6
BRDA:27,13,1,3
BRDA:30,14,0,1
BRDA:30,14,1,3
BRDA:30,15,0,4
BRDA:30,15,1,1
BRDA:37,16,0,5
BRDA:37,16,1,5
BRDA:37,17,0,10
BRDA:37,17,1,10
BRDA:37,17,2,7
BRF:39
BRH:37
end_of_record
